Added Component: Designator=LCD(LCD Display 16x2)
Added Component: Designator=VR3(Bien Tro Tam Giac Dung)
Add component (AddParameter): Name = "Chung_Loai"; Value = "C?m"; VariantName = "[No Variations]"
Add component (AddParameter): Name = "Don_Vi"; Value = "Con"; VariantName = "[No Variations]"
Add component (AddParameter): Name = "Ghi_Chu"; Value = ""; VariantName = "[No Variations]"
Add component (AddParameter): Name = "Kieu_Chan"; Value = ""; VariantName = "[No Variations]"
Add component (AddParameter): Name = "Ma_Hang"; Value = "MH000919"; VariantName = "[No Variations]"
Add component (AddParameter): Name = "Ten_Linh_Kien"; Value = "Bi?n Tr? Tam Giác 103-10K RM065 (Chân Ð?ng)"; VariantName = "[No Variations]"
Added Pin To Net: NetName=GND Pin=LCD-1
Added Pin To Net: NetName=+5V Pin=LCD-2
Added Pin To Net: NetName=GND Pin=LCD-5
Added Pin To Net: NetName=GND Pin=LCD-7
Added Pin To Net: NetName=GND Pin=LCD-8
Added Pin To Net: NetName=GND Pin=LCD-9
Added Pin To Net: NetName=GND Pin=LCD-10
Added Pin To Net: NetName=+5V Pin=LCD-15
Added Pin To Net: NetName=GND Pin=LCD-16
Added Pin To Net: NetName=GND Pin=VR3-1
Added Pin To Net: NetName=+5V Pin=VR3-3
Added Pin To Net: NetName=D4 Pin=LCD-11
Added Pin To Net: NetName=D4 Pin=U5-25
Added Net: Name=D4
Added Pin To Net: NetName=D5 Pin=LCD-12
Added Pin To Net: NetName=D5 Pin=U5-26
Added Net: Name=D5
Added Pin To Net: NetName=D6 Pin=LCD-13
Added Pin To Net: NetName=D6 Pin=U5-27
Added Net: Name=D6
Added Pin To Net: NetName=D7 Pin=LCD-14
Added Pin To Net: NetName=D7 Pin=U5-28
Added Net: Name=D7
Added Pin To Net: NetName=EN Pin=LCD-6
Added Pin To Net: NetName=EN Pin=U5-24
Added Net: Name=EN
Added Pin To Net: NetName=NetLCD_3 Pin=LCD-3
Added Pin To Net: NetName=NetLCD_3 Pin=VR3-2
Added Net: Name=NetLCD_3
Added Pin To Net: NetName=RS Pin=LCD-4
Added Pin To Net: NetName=RS Pin=U5-23
Added Net: Name=RS
Added Member To Class: ClassName=DTYS_BLOOD_PRESURE_Sch Member=Component LCD 1602
Added Member To Class: ClassName=DTYS_BLOOD_PRESURE_Sch Member=Component VR3 10K
Added Room: Name=DTYS_BLOOD_PRESURE_Sch
